This file contains any messages produced by compilers while
running configure, to aid debugging if configure makes a mistake.

It was created by MibS configure trunk, which was
generated by GNU Autoconf 2.59.  Invocation command line was

  $ ./configure 

## --------- ##
## Platform. ##
## --------- ##

hostname = LAPTOP-GF0Q7A02
uname -m = x86_64
uname -r = 4.4.0-19041-Microsoft
uname -s = Linux
uname -v = #1-Microsoft Fri Dec 06 14:06:00 PST 2019

/usr/bin/uname -p = unknown
/bin/uname -X     = unknown

/bin/arch              = unknown
/usr/bin/arch -k       = unknown
/usr/convex/getsysinfo = unknown
hostinfo               = unknown
/bin/machine           = unknown
/usr/bin/oslevel       = unknown
/bin/universe          = unknown

PATH: /home/kelly/miniconda3/bin
PATH: /home/kelly/miniconda3/condabin
PATH: /usr/local/sbin
PATH: /usr/local/bin
PATH: /usr/sbin
PATH: /usr/bin
PATH: /sbin
PATH: /bin
PATH: /usr/games
PATH: /usr/local/games
PATH: /mnt/d/Gurobi/win64/bin
PATH: /mnt/c/Program Files (x86)/Intel/iCLS Client
PATH: /mnt/c/Program Files/Intel/iCLS Client
PATH: /mnt/c/Windows/system32
PATH: /mnt/c/Windows
PATH: /mnt/c/Windows/System32/Wbem
PATH: /mnt/c/Windows/System32/WindowsPowerShell/v1.0
PATH: /mnt/c/Program Files (x86)/NVIDIA Corporation/PhysX/Common
PATH: /mnt/c/Program Files (x86)/Intel/Intel(R) Management Engine Components/DAL
PATH: /mnt/c/Program Files/Intel/Intel(R) Management Engine Components/DAL
PATH: /mnt/c/Program Files (x86)/Intel/Intel(R) Management Engine Components/IPT
PATH: /mnt/c/Program Files/Intel/Intel(R) Management Engine Components/IPT
PATH: /mnt/c/WINDOWS/system32
PATH: /mnt/c/WINDOWS
PATH: /mnt/c/WINDOWS/System32/Wbem
PATH: /mnt/c/WINDOWS/System32/WindowsPowerShell/v1.0
PATH: /mnt/c/Program Files/MATLAB/R2019b/bin
PATH: /mnt/c/WINDOWS/System32/OpenSSH
PATH: /mnt/c/Program Files/Intel/WiFi/bin
PATH: /mnt/c/Program Files/Common Files/Intel/WirelessCommon
PATH: /mnt/c/Program Files/Mosek/8/tools/platform/win64x86/bin
PATH: /mnt/c/Program Files/Git/cmd
PATH: /mnt/c/Users/kelly/AppData/Local/Microsoft/WindowsApps
PATH: /mnt/d/VC Related/Microsoft VS Code/bin


## ----------- ##
## Core tests. ##
## ----------- ##

configure:1701: checking build system type
configure:1719: result: x86_64-unknown-linux-gnu
configure:1792: checking for svnversion
configure:1819: result: no
configure:1848: checking whether we want to compile in debug mode
configure:1894: result: no
configure:2144: checking for gcc
configure:2160: found /usr/bin/gcc
configure:2170: result: gcc
configure:2191: checking for C compiler version
configure:2194: gcc --version </dev/null >&5
gcc (Ubuntu 7.5.0-3ubuntu1~18.04) 7.5.0
Copyright (C) 2017 Free Software Foundation, Inc.
This is free software; see the source for copying conditions.  There is NO
warranty; not even for MERCHANTABILITY or FITNESS FOR A PARTICULAR PURPOSE.

configure:2197: $? = 0
configure:2199: gcc -v </dev/null >&5
Using built-in specs.
COLLECT_GCC=gcc
COLLECT_LTO_WRAPPER=/usr/lib/gcc/x86_64-linux-gnu/7/lto-wrapper
OFFLOAD_TARGET_NAMES=nvptx-none
OFFLOAD_TARGET_DEFAULT=1
Target: x86_64-linux-gnu
Configured with: ../src/configure -v --with-pkgversion='Ubuntu 7.5.0-3ubuntu1~18.04' --with-bugurl=file:///usr/share/doc/gcc-7/README.Bugs --enable-languages=c,ada,c++,go,brig,d,fortran,objc,obj-c++ --prefix=/usr --with-gcc-major-version-only --program-suffix=-7 --program-prefix=x86_64-linux-gnu- --enable-shared --enable-linker-build-id --libexecdir=/usr/lib --without-included-gettext --enable-threads=posix --libdir=/usr/lib --enable-nls --enable-bootstrap --enable-clocale=gnu --enable-libstdcxx-debug --enable-libstdcxx-time=yes --with-default-libstdcxx-abi=new --enable-gnu-unique-object --disable-vtable-verify --enable-libmpx --enable-plugin --enable-default-pie --with-system-zlib --with-target-system-zlib --enable-objc-gc=auto --enable-multiarch --disable-werror --with-arch-32=i686 --with-abi=m64 --with-multilib-list=m32,m64,mx32 --enable-multilib --with-tune=generic --enable-offload-targets=nvptx-none --without-cuda-driver --enable-checking=release --build=x86_64-linux-gnu --host=x86_64-linux-gnu --target=x86_64-linux-gnu
Thread model: posix
gcc version 7.5.0 (Ubuntu 7.5.0-3ubuntu1~18.04) 
configure:2202: $? = 0
configure:2204: gcc -V </dev/null >&5
gcc: error: unrecognized command line option '-V'
gcc: fatal error: no input files
compilation terminated.
configure:2207: $? = 1
configure:2230: checking for C compiler default output file name
configure:2233: gcc    conftest.c  >&5
configure:2236: $? = 0
configure:2282: result: a.out
configure:2287: checking whether the C compiler works
configure:2293: ./a.out
configure:2296: $? = 0
configure:2313: result: yes
configure:2320: checking whether we are cross compiling
configure:2322: result: no
configure:2325: checking for suffix of executables
configure:2327: gcc -o conftest    conftest.c  >&5
configure:2330: $? = 0
configure:2355: result: 
configure:2361: checking for suffix of object files
configure:2382: gcc -c   conftest.c >&5
configure:2385: $? = 0
configure:2407: result: o
configure:2411: checking whether we are using the GNU C compiler
configure:2435: gcc -c   conftest.c >&5
configure:2441: $? = 0
configure:2445: test -z 
			 || test ! -s conftest.err
configure:2448: $? = 0
configure:2451: test -s conftest.o
configure:2454: $? = 0
configure:2467: result: yes
configure:2473: checking whether gcc accepts -g
configure:2494: gcc -c -g  conftest.c >&5
configure:2500: $? = 0
configure:2504: test -z 
			 || test ! -s conftest.err
configure:2507: $? = 0
configure:2510: test -s conftest.o
configure:2513: $? = 0
configure:2524: result: yes
configure:2541: checking for gcc option to accept ANSI C
configure:2611: gcc  -c -g -O2  conftest.c >&5
configure:2617: $? = 0
configure:2621: test -z 
			 || test ! -s conftest.err
configure:2624: $? = 0
configure:2627: test -s conftest.o
configure:2630: $? = 0
configure:2648: result: none needed
configure:2666: gcc -c -g -O2  conftest.c >&5
conftest.c:2:3: error: unknown type name 'choke'
   choke me
   ^~~~~
conftest.c:2:3: error: expected '=', ',', ';', 'asm' or '__attribute__' at end of input
configure:2672: $? = 1
configure: failed program was:
| #ifndef __cplusplus
|   choke me
| #endif
configure:3093: gcc -o conftest -O3 -pipe -DNDEBUG -Wimplicit -Wparentheses -Wsequence-point -Wreturn-type -Wcast-qual -Wall -Wno-unknown-pragmas -Wno-long-long   -DMIBS_BUILD   conftest.c  >&5
configure:3099: $? = 0
configure:3103: test -z 
			 || test ! -s conftest.err
configure:3106: $? = 0
configure:3109: test -s conftest
configure:3112: $? = 0
configure:3179: C compiler options are: -O3 -pipe -DNDEBUG -Wimplicit -Wparentheses -Wsequence-point -Wreturn-type -Wcast-qual -Wall -Wno-unknown-pragmas -Wno-long-long   -DMIBS_BUILD
configure:3294: checking for g++
configure:3310: found /usr/bin/g++
configure:3320: result: g++
configure:3336: checking for C++ compiler version
configure:3339: g++ --version </dev/null >&5
g++ (Ubuntu 7.5.0-3ubuntu1~18.04) 7.5.0
Copyright (C) 2017 Free Software Foundation, Inc.
This is free software; see the source for copying conditions.  There is NO
warranty; not even for MERCHANTABILITY or FITNESS FOR A PARTICULAR PURPOSE.

configure:3342: $? = 0
configure:3344: g++ -v </dev/null >&5
Using built-in specs.
COLLECT_GCC=g++
COLLECT_LTO_WRAPPER=/usr/lib/gcc/x86_64-linux-gnu/7/lto-wrapper
OFFLOAD_TARGET_NAMES=nvptx-none
OFFLOAD_TARGET_DEFAULT=1
Target: x86_64-linux-gnu
Configured with: ../src/configure -v --with-pkgversion='Ubuntu 7.5.0-3ubuntu1~18.04' --with-bugurl=file:///usr/share/doc/gcc-7/README.Bugs --enable-languages=c,ada,c++,go,brig,d,fortran,objc,obj-c++ --prefix=/usr --with-gcc-major-version-only --program-suffix=-7 --program-prefix=x86_64-linux-gnu- --enable-shared --enable-linker-build-id --libexecdir=/usr/lib --without-included-gettext --enable-threads=posix --libdir=/usr/lib --enable-nls --enable-bootstrap --enable-clocale=gnu --enable-libstdcxx-debug --enable-libstdcxx-time=yes --with-default-libstdcxx-abi=new --enable-gnu-unique-object --disable-vtable-verify --enable-libmpx --enable-plugin --enable-default-pie --with-system-zlib --with-target-system-zlib --enable-objc-gc=auto --enable-multiarch --disable-werror --with-arch-32=i686 --with-abi=m64 --with-multilib-list=m32,m64,mx32 --enable-multilib --with-tune=generic --enable-offload-targets=nvptx-none --without-cuda-driver --enable-checking=release --build=x86_64-linux-gnu --host=x86_64-linux-gnu --target=x86_64-linux-gnu
Thread model: posix
gcc version 7.5.0 (Ubuntu 7.5.0-3ubuntu1~18.04) 
configure:3347: $? = 0
configure:3349: g++ -V </dev/null >&5
g++: error: unrecognized command line option '-V'
g++: fatal error: no input files
compilation terminated.
configure:3352: $? = 1
configure:3355: checking whether we are using the GNU C++ compiler
configure:3379: g++ -c   conftest.cc >&5
configure:3385: $? = 0
configure:3389: test -z 
			 || test ! -s conftest.err
configure:3392: $? = 0
configure:3395: test -s conftest.o
configure:3398: $? = 0
configure:3411: result: yes
configure:3417: checking whether g++ accepts -g
configure:3438: g++ -c -g  conftest.cc >&5
configure:3444: $? = 0
configure:3448: test -z 
			 || test ! -s conftest.err
configure:3451: $? = 0
configure:3454: test -s conftest.o
configure:3457: $? = 0
configure:3468: result: yes
configure:3510: g++ -c -g -O2  conftest.cc >&5
configure:3516: $? = 0
configure:3520: test -z 
			 || test ! -s conftest.err
configure:3523: $? = 0
configure:3526: test -s conftest.o
configure:3529: $? = 0
configure:3555: g++ -c -g -O2  conftest.cc >&5
conftest.cc: In function 'int main()':
conftest.cc:20:1: error: 'exit' was not declared in this scope
 exit (42);
 ^~~~
configure:3561: $? = 1
configure: failed program was:
| /* confdefs.h.  */
| 
| #define PACKAGE_NAME "MibS"
| #define PACKAGE_TARNAME "mibs"
| #define PACKAGE_VERSION "trunk"
| #define PACKAGE_STRING "MibS trunk"
| #define PACKAGE_BUGREPORT "https://github.com/coin-or/MibS/issues/new"
| #define MIBS_GIT_VERSION 84c83f1
| #define MIBS_VERSION "trunk"
| #define MIBS_VERSION_MAJOR 9999
| #define MIBS_VERSION_MINOR 9999
| #define MIBS_VERSION_RELEASE 9999
| #define COIN_MIBS_VERBOSITY 0
| #define COIN_MIBS_CHECKLEVEL 0
| /* end confdefs.h.  */
| 
| int
| main ()
| {
| exit (42);
|   ;
|   return 0;
| }
configure:3510: g++ -c -g -O2  conftest.cc >&5
configure:3516: $? = 0
configure:3520: test -z 
			 || test ! -s conftest.err
configure:3523: $? = 0
configure:3526: test -s conftest.o
configure:3529: $? = 0
configure:3555: g++ -c -g -O2  conftest.cc >&5
configure:3561: $? = 0
configure:3565: test -z 
			 || test ! -s conftest.err
configure:3568: $? = 0
configure:3571: test -s conftest.o
configure:3574: $? = 0
configure:3606: checking whether C++ compiler g++ works
configure:3624: g++ -c -g -O2  conftest.cc >&5
configure:3630: $? = 0
configure:3634: test -z 
			 || test ! -s conftest.err
configure:3637: $? = 0
configure:3640: test -s conftest.o
configure:3643: $? = 0
configure:3645: result: yes
configure:3966: g++ -o conftest -O3 -pipe -DNDEBUG -Wparentheses -Wreturn-type -Wcast-qual -Wall -Wpointer-arith -Wwrite-strings -Wconversion -Wno-unknown-pragmas -Wno-long-long   -DMIBS_BUILD   conftest.cc  >&5
configure:3972: $? = 0
configure:3976: test -z 
			 || test ! -s conftest.err
configure:3979: $? = 0
configure:3982: test -s conftest
configure:3985: $? = 0
configure:4052: C++ compiler options are: -O3 -pipe -DNDEBUG -Wparentheses -Wreturn-type -Wcast-qual -Wall -Wpointer-arith -Wwrite-strings -Wconversion -Wno-unknown-pragmas -Wno-long-long   -DMIBS_BUILD
configure:4179: checking for egrep
configure:4189: result: grep -E
configure:4194: checking whether ln -s works
configure:4198: result: yes
configure:4219: checking for a BSD-compatible install
configure:4274: result: /usr/bin/install -c
configure:4285: checking whether build environment is sane
configure:4328: result: yes
configure:4393: checking for gawk
configure:4409: found /usr/bin/gawk
configure:4419: result: gawk
configure:4429: checking whether make sets $(MAKE)
configure:4449: result: yes
configure:4479: checking for style of include used by make
configure:4507: result: GNU
configure:4688: checking dependency style of gcc
configure:4778: result: gcc3
configure:4797: checking dependency style of g++
configure:4887: result: gcc3
configure:4905: checking whether to enable maintainer-specific portions of Makefiles
configure:4914: result: no
configure:5362: checking host system type
configure:5376: result: x86_64-unknown-linux-gnu
configure:5384: checking for a sed that does not truncate output
configure:5438: result: /bin/sed
configure:5452: checking for ld used by gcc
configure:5519: result: /usr/bin/ld
configure:5528: checking if the linker (/usr/bin/ld) is GNU ld
configure:5543: result: yes
configure:5548: checking for /usr/bin/ld option to reload object files
configure:5555: result: -r
configure:5573: checking for BSD-compatible nm
configure:5622: result: /usr/bin/nm -B
configure:5626: checking how to recognise dependent libraries
configure:5802: result: pass_all
configure:5889: gcc -c -O3 -pipe -DNDEBUG -Wimplicit -Wparentheses -Wsequence-point -Wreturn-type -Wcast-qual -Wall -Wno-unknown-pragmas -Wno-long-long   -DMIBS_BUILD  conftest.c >&5
configure:5892: $? = 0
configure:6038: checking how to run the C preprocessor
configure:6073: gcc -E  conftest.c
configure:6079: $? = 0
configure:6111: gcc -E  conftest.c
conftest.c:21:10: fatal error: ac_nonexistent.h: No such file or directory
 #include <ac_nonexistent.h>
          ^~~~~~~~~~~~~~~~~~
compilation terminated.
configure:6117: $? = 1
configure: failed program was:
| /* confdefs.h.  */
| 
| #define PACKAGE_NAME "MibS"
| #define PACKAGE_TARNAME "mibs"
| #define PACKAGE_VERSION "trunk"
| #define PACKAGE_STRING "MibS trunk"
| #define PACKAGE_BUGREPORT "https://github.com/coin-or/MibS/issues/new"
| #define MIBS_GIT_VERSION 84c83f1
| #define MIBS_VERSION "trunk"
| #define MIBS_VERSION_MAJOR 9999
| #define MIBS_VERSION_MINOR 9999
| #define MIBS_VERSION_RELEASE 9999
| #define COIN_MIBS_VERBOSITY 0
| #define COIN_MIBS_CHECKLEVEL 0
| #ifdef __cplusplus
| extern "C" void std::exit (int) throw (); using std::exit;
| #endif
| #define PACKAGE "mibs"
| #define VERSION "trunk"
| /* end confdefs.h.  */
| #include <ac_nonexistent.h>
configure:6156: result: gcc -E
configure:6180: gcc -E  conftest.c
configure:6186: $? = 0
configure:6218: gcc -E  conftest.c
conftest.c:21:10: fatal error: ac_nonexistent.h: No such file or directory
 #include <ac_nonexistent.h>
          ^~~~~~~~~~~~~~~~~~
compilation terminated.
configure:6224: $? = 1
configure: failed program was:
| /* confdefs.h.  */
| 
| #define PACKAGE_NAME "MibS"
| #define PACKAGE_TARNAME "mibs"
| #define PACKAGE_VERSION "trunk"
| #define PACKAGE_STRING "MibS trunk"
| #define PACKAGE_BUGREPORT "https://github.com/coin-or/MibS/issues/new"
| #define MIBS_GIT_VERSION 84c83f1
| #define MIBS_VERSION "trunk"
| #define MIBS_VERSION_MAJOR 9999
| #define MIBS_VERSION_MINOR 9999
| #define MIBS_VERSION_RELEASE 9999
| #define COIN_MIBS_VERBOSITY 0
| #define COIN_MIBS_CHECKLEVEL 0
| #ifdef __cplusplus
| extern "C" void std::exit (int) throw (); using std::exit;
| #endif
| #define PACKAGE "mibs"
| #define VERSION "trunk"
| /* end confdefs.h.  */
| #include <ac_nonexistent.h>
configure:6268: checking for ANSI C header files
configure:6293: gcc -c -O3 -pipe -DNDEBUG -Wimplicit -Wparentheses -Wsequence-point -Wreturn-type -Wcast-qual -Wall -Wno-unknown-pragmas -Wno-long-long   -DMIBS_BUILD  conftest.c >&5
configure:6299: $? = 0
configure:6303: test -z 
			 || test ! -s conftest.err
configure:6306: $? = 0
configure:6309: test -s conftest.o
configure:6312: $? = 0
configure:6401: gcc -o conftest -O3 -pipe -DNDEBUG -Wimplicit -Wparentheses -Wsequence-point -Wreturn-type -Wcast-qual -Wall -Wno-unknown-pragmas -Wno-long-long   -DMIBS_BUILD   conftest.c  >&5
conftest.c: In function 'main':
conftest.c:38:7: warning: implicit declaration of function 'exit' [-Wimplicit-function-declaration]
       exit(2);
       ^~~~
conftest.c:38:7: warning: incompatible implicit declaration of built-in function 'exit'
conftest.c:38:7: note: include '<stdlib.h>' or provide a declaration of 'exit'
conftest.c:39:3: warning: incompatible implicit declaration of built-in function 'exit'
   exit (0);
   ^~~~
conftest.c:39:3: note: include '<stdlib.h>' or provide a declaration of 'exit'
configure:6404: $? = 0
configure:6406: ./conftest
configure:6409: $? = 0
configure:6424: result: yes
configure:6448: checking for sys/types.h
configure:6464: gcc -c -O3 -pipe -DNDEBUG -Wimplicit -Wparentheses -Wsequence-point -Wreturn-type -Wcast-qual -Wall -Wno-unknown-pragmas -Wno-long-long   -DMIBS_BUILD  conftest.c >&5
configure:6470: $? = 0
configure:6474: test -z 
			 || test ! -s conftest.err
configure:6477: $? = 0
configure:6480: test -s conftest.o
configure:6483: $? = 0
configure:6494: result: yes
configure:6448: checking for sys/stat.h
configure:6464: gcc -c -O3 -pipe -DNDEBUG -Wimplicit -Wparentheses -Wsequence-point -Wreturn-type -Wcast-qual -Wall -Wno-unknown-pragmas -Wno-long-long   -DMIBS_BUILD  conftest.c >&5
configure:6470: $? = 0
configure:6474: test -z 
			 || test ! -s conftest.err
configure:6477: $? = 0
configure:6480: test -s conftest.o
configure:6483: $? = 0
configure:6494: result: yes
configure:6448: checking for stdlib.h
configure:6464: gcc -c -O3 -pipe -DNDEBUG -Wimplicit -Wparentheses -Wsequence-point -Wreturn-type -Wcast-qual -Wall -Wno-unknown-pragmas -Wno-long-long   -DMIBS_BUILD  conftest.c >&5
configure:6470: $? = 0
configure:6474: test -z 
			 || test ! -s conftest.err
configure:6477: $? = 0
configure:6480: test -s conftest.o
configure:6483: $? = 0
configure:6494: result: yes
configure:6448: checking for string.h
configure:6464: gcc -c -O3 -pipe -DNDEBUG -Wimplicit -Wparentheses -Wsequence-point -Wreturn-type -Wcast-qual -Wall -Wno-unknown-pragmas -Wno-long-long   -DMIBS_BUILD  conftest.c >&5
configure:6470: $? = 0
configure:6474: test -z 
			 || test ! -s conftest.err
configure:6477: $? = 0
configure:6480: test -s conftest.o
configure:6483: $? = 0
configure:6494: result: yes
configure:6448: checking for memory.h
configure:6464: gcc -c -O3 -pipe -DNDEBUG -Wimplicit -Wparentheses -Wsequence-point -Wreturn-type -Wcast-qual -Wall -Wno-unknown-pragmas -Wno-long-long   -DMIBS_BUILD  conftest.c >&5
configure:6470: $? = 0
configure:6474: test -z 
			 || test ! -s conftest.err
configure:6477: $? = 0
configure:6480: test -s conftest.o
configure:6483: $? = 0
configure:6494: result: yes
configure:6448: checking for strings.h
configure:6464: gcc -c -O3 -pipe -DNDEBUG -Wimplicit -Wparentheses -Wsequence-point -Wreturn-type -Wcast-qual -Wall -Wno-unknown-pragmas -Wno-long-long   -DMIBS_BUILD  conftest.c >&5
configure:6470: $? = 0
configure:6474: test -z 
			 || test ! -s conftest.err
configure:6477: $? = 0
configure:6480: test -s conftest.o
configure:6483: $? = 0
configure:6494: result: yes
configure:6448: checking for inttypes.h
configure:6464: gcc -c -O3 -pipe -DNDEBUG -Wimplicit -Wparentheses -Wsequence-point -Wreturn-type -Wcast-qual -Wall -Wno-unknown-pragmas -Wno-long-long   -DMIBS_BUILD  conftest.c >&5
configure:6470: $? = 0
configure:6474: test -z 
			 || test ! -s conftest.err
configure:6477: $? = 0
configure:6480: test -s conftest.o
configure:6483: $? = 0
configure:6494: result: yes
configure:6448: checking for stdint.h
configure:6464: gcc -c -O3 -pipe -DNDEBUG -Wimplicit -Wparentheses -Wsequence-point -Wreturn-type -Wcast-qual -Wall -Wno-unknown-pragmas -Wno-long-long   -DMIBS_BUILD  conftest.c >&5
configure:6470: $? = 0
configure:6474: test -z 
			 || test ! -s conftest.err
configure:6477: $? = 0
configure:6480: test -s conftest.o
configure:6483: $? = 0
configure:6494: result: yes
configure:6448: checking for unistd.h
configure:6464: gcc -c -O3 -pipe -DNDEBUG -Wimplicit -Wparentheses -Wsequence-point -Wreturn-type -Wcast-qual -Wall -Wno-unknown-pragmas -Wno-long-long   -DMIBS_BUILD  conftest.c >&5
configure:6470: $? = 0
configure:6474: test -z 
			 || test ! -s conftest.err
configure:6477: $? = 0
configure:6480: test -s conftest.o
configure:6483: $? = 0
configure:6494: result: yes
configure:6520: checking dlfcn.h usability
configure:6532: gcc -c -O3 -pipe -DNDEBUG -Wimplicit -Wparentheses -Wsequence-point -Wreturn-type -Wcast-qual -Wall -Wno-unknown-pragmas -Wno-long-long   -DMIBS_BUILD  conftest.c >&5
configure:6538: $? = 0
configure:6542: test -z 
			 || test ! -s conftest.err
configure:6545: $? = 0
configure:6548: test -s conftest.o
configure:6551: $? = 0
configure:6561: result: yes
configure:6565: checking dlfcn.h presence
configure:6575: gcc -E  conftest.c
configure:6581: $? = 0
configure:6601: result: yes
configure:6636: checking for dlfcn.h
configure:6643: result: yes
configure:6666: checking how to run the C++ preprocessor
configure:6697: g++ -E  conftest.cc
configure:6703: $? = 0
configure:6735: g++ -E  conftest.cc
conftest.cc:32:10: fatal error: ac_nonexistent.h: No such file or directory
 #include <ac_nonexistent.h>
          ^~~~~~~~~~~~~~~~~~
compilation terminated.
configure:6741: $? = 1
configure: failed program was:
| /* confdefs.h.  */
| 
| #define PACKAGE_NAME "MibS"
| #define PACKAGE_TARNAME "mibs"
| #define PACKAGE_VERSION "trunk"
| #define PACKAGE_STRING "MibS trunk"
| #define PACKAGE_BUGREPORT "https://github.com/coin-or/MibS/issues/new"
| #define MIBS_GIT_VERSION 84c83f1
| #define MIBS_VERSION "trunk"
| #define MIBS_VERSION_MAJOR 9999
| #define MIBS_VERSION_MINOR 9999
| #define MIBS_VERSION_RELEASE 9999
| #define COIN_MIBS_VERBOSITY 0
| #define COIN_MIBS_CHECKLEVEL 0
| #ifdef __cplusplus
| extern "C" void std::exit (int) throw (); using std::exit;
| #endif
| #define PACKAGE "mibs"
| #define VERSION "trunk"
| #define STDC_HEADERS 1
| #define HAVE_SYS_TYPES_H 1
| #define HAVE_SYS_STAT_H 1
| #define HAVE_STDLIB_H 1
| #define HAVE_STRING_H 1
| #define HAVE_MEMORY_H 1
| #define HAVE_STRINGS_H 1
| #define HAVE_INTTYPES_H 1
| #define HAVE_STDINT_H 1
| #define HAVE_UNISTD_H 1
| #define HAVE_DLFCN_H 1
| /* end confdefs.h.  */
| #include <ac_nonexistent.h>
configure:6780: result: g++ -E
configure:6804: g++ -E  conftest.cc
configure:6810: $? = 0
configure:6842: g++ -E  conftest.cc
conftest.cc:32:10: fatal error: ac_nonexistent.h: No such file or directory
 #include <ac_nonexistent.h>
          ^~~~~~~~~~~~~~~~~~
compilation terminated.
configure:6848: $? = 1
configure: failed program was:
| /* confdefs.h.  */
| 
| #define PACKAGE_NAME "MibS"
| #define PACKAGE_TARNAME "mibs"
| #define PACKAGE_VERSION "trunk"
| #define PACKAGE_STRING "MibS trunk"
| #define PACKAGE_BUGREPORT "https://github.com/coin-or/MibS/issues/new"
| #define MIBS_GIT_VERSION 84c83f1
| #define MIBS_VERSION "trunk"
| #define MIBS_VERSION_MAJOR 9999
| #define MIBS_VERSION_MINOR 9999
| #define MIBS_VERSION_RELEASE 9999
| #define COIN_MIBS_VERBOSITY 0
| #define COIN_MIBS_CHECKLEVEL 0
| #ifdef __cplusplus
| extern "C" void std::exit (int) throw (); using std::exit;
| #endif
| #define PACKAGE "mibs"
| #define VERSION "trunk"
| #define STDC_HEADERS 1
| #define HAVE_SYS_TYPES_H 1
| #define HAVE_SYS_STAT_H 1
| #define HAVE_STDLIB_H 1
| #define HAVE_STRING_H 1
| #define HAVE_MEMORY_H 1
| #define HAVE_STRINGS_H 1
| #define HAVE_INTTYPES_H 1
| #define HAVE_STDINT_H 1
| #define HAVE_UNISTD_H 1
| #define HAVE_DLFCN_H 1
| /* end confdefs.h.  */
| #include <ac_nonexistent.h>
configure:6944: checking for g77
configure:6973: result: no
configure:6944: checking for f77
configure:6960: found /usr/bin/f77
configure:6970: result: f77
configure:6985: checking for Fortran 77 compiler version
configure:6988: f77 --version </dev/null >&5
GNU Fortran (Ubuntu 7.5.0-3ubuntu1~18.04) 7.5.0
Copyright (C) 2017 Free Software Foundation, Inc.
This is free software; see the source for copying conditions.  There is NO
warranty; not even for MERCHANTABILITY or FITNESS FOR A PARTICULAR PURPOSE.

configure:6991: $? = 0
configure:6993: f77 -v </dev/null >&5
Using built-in specs.
COLLECT_GCC=f77
COLLECT_LTO_WRAPPER=/usr/lib/gcc/x86_64-linux-gnu/7/lto-wrapper
OFFLOAD_TARGET_NAMES=nvptx-none
OFFLOAD_TARGET_DEFAULT=1
Target: x86_64-linux-gnu
Configured with: ../src/configure -v --with-pkgversion='Ubuntu 7.5.0-3ubuntu1~18.04' --with-bugurl=file:///usr/share/doc/gcc-7/README.Bugs --enable-languages=c,ada,c++,go,brig,d,fortran,objc,obj-c++ --prefix=/usr --with-gcc-major-version-only --program-suffix=-7 --program-prefix=x86_64-linux-gnu- --enable-shared --enable-linker-build-id --libexecdir=/usr/lib --without-included-gettext --enable-threads=posix --libdir=/usr/lib --enable-nls --enable-bootstrap --enable-clocale=gnu --enable-libstdcxx-debug --enable-libstdcxx-time=yes --with-default-libstdcxx-abi=new --enable-gnu-unique-object --disable-vtable-verify --enable-libmpx --enable-plugin --enable-default-pie --with-system-zlib --with-target-system-zlib --enable-objc-gc=auto --enable-multiarch --disable-werror --with-arch-32=i686 --with-abi=m64 --with-multilib-list=m32,m64,mx32 --enable-multilib --with-tune=generic --enable-offload-targets=nvptx-none --without-cuda-driver --enable-checking=release --build=x86_64-linux-gnu --host=x86_64-linux-gnu --target=x86_64-linux-gnu
Thread model: posix
gcc version 7.5.0 (Ubuntu 7.5.0-3ubuntu1~18.04) 
configure:6996: $? = 0
configure:6998: f77 -V </dev/null >&5
f77: error: unrecognized command line option '-V'
f77: fatal error: no input files
compilation terminated.
configure:7001: $? = 1
configure:7009: checking whether we are using the GNU Fortran 77 compiler
configure:7023: f77 -c  conftest.F >&5
configure:7029: $? = 0
configure:7033: test -z 
			 || test ! -s conftest.err
configure:7036: $? = 0
configure:7039: test -s conftest.o
configure:7042: $? = 0
configure:7055: result: yes
configure:7061: checking whether f77 accepts -g
configure:7073: f77 -c -g conftest.f >&5
configure:7079: $? = 0
configure:7083: test -z 
			 || test ! -s conftest.err
configure:7086: $? = 0
configure:7089: test -s conftest.o
configure:7092: $? = 0
configure:7104: result: yes
configure:7134: checking the maximum length of command line arguments
configure:7243: result: 32768
configure:7254: checking command to parse /usr/bin/nm -B output from gcc object
configure:7359: gcc -c -O3 -pipe -DNDEBUG -Wimplicit -Wparentheses -Wsequence-point -Wreturn-type -Wcast-qual -Wall -Wno-unknown-pragmas -Wno-long-long   -DMIBS_BUILD  conftest.c >&5
configure:7362: $? = 0
configure:7366: /usr/bin/nm -B conftest.o \| sed -n -e 's/^.*[ 	]\([ABCDGIRSTW][ABCDGIRSTW]*\)[ 	][ 	]*\([_A-Za-z][_A-Za-z0-9]*\)$/\1 \2 \2/p' \> conftest.nm
configure:7369: $? = 0
configure:7421: gcc -o conftest -O3 -pipe -DNDEBUG -Wimplicit -Wparentheses -Wsequence-point -Wreturn-type -Wcast-qual -Wall -Wno-unknown-pragmas -Wno-long-long   -DMIBS_BUILD   conftest.c conftstm.o >&5
configure:7424: $? = 0
configure:7462: result: ok
configure:7466: checking for objdir
configure:7481: result: .libs
configure:7571: checking for ar
configure:7587: found /usr/bin/ar
configure:7598: result: ar
configure:7651: checking for ranlib
configure:7667: found /usr/bin/ranlib
configure:7678: result: ranlib
configure:7731: checking for strip
configure:7747: found /usr/bin/strip
configure:7758: result: strip
configure:8034: checking if gcc supports -fno-rtti -fno-exceptions
configure:8052: gcc -c -O3 -pipe -DNDEBUG -Wimplicit -Wparentheses -Wsequence-point -Wreturn-type -Wcast-qual -Wall -Wno-unknown-pragmas -Wno-long-long   -DMIBS_BUILD  -fno-rtti -fno-exceptions conftest.c >&5
cc1: warning: command line option '-fno-rtti' is valid for C++/ObjC++ but not for C
configure:8056: $? = 0
configure:8069: result: no
configure:8084: checking for gcc option to produce PIC
configure:8294: result: -fPIC
configure:8302: checking if gcc PIC flag -fPIC works
configure:8320: gcc -c -O3 -pipe -DNDEBUG -Wimplicit -Wparentheses -Wsequence-point -Wreturn-type -Wcast-qual -Wall -Wno-unknown-pragmas -Wno-long-long   -DMIBS_BUILD  -fPIC -DPIC conftest.c >&5
configure:8324: $? = 0
configure:8337: result: yes
configure:8365: checking if gcc static flag -static works
configure:8393: result: yes
configure:8403: checking if gcc supports -c -o file.o
configure:8424: gcc -c -O3 -pipe -DNDEBUG -Wimplicit -Wparentheses -Wsequence-point -Wreturn-type -Wcast-qual -Wall -Wno-unknown-pragmas -Wno-long-long   -DMIBS_BUILD  -o out/conftest2.o conftest.c >&5
configure:8428: $? = 0
configure:8450: result: yes
configure:8476: checking whether the gcc linker (/usr/bin/ld -m elf_x86_64) supports shared libraries
configure:9434: result: yes
configure:9455: checking whether -lc should be explicitly linked in
configure:9460: gcc -c -O3 -pipe -DNDEBUG -Wimplicit -Wparentheses -Wsequence-point -Wreturn-type -Wcast-qual -Wall -Wno-unknown-pragmas -Wno-long-long   -DMIBS_BUILD  conftest.c >&5
configure:9463: $? = 0
configure:9478: gcc -shared conftest.o  -v -Wl,-soname -Wl,conftest -o conftest 2\>\&1 \| grep  -lc  \>/dev/null 2\>\&1
configure:9481: $? = 0
configure:9493: result: no
configure:9501: checking dynamic linker characteristics
configure:10089: result: GNU/Linux ld.so
configure:10098: checking how to hardcode library paths into programs
configure:10123: result: immediate
configure:10137: checking whether stripping libraries is possible
configure:10142: result: yes
configure:10976: checking if libtool supports shared libraries
configure:10978: result: yes
configure:10981: checking whether to build shared libraries
configure:11002: result: yes
configure:11005: checking whether to build static libraries
configure:11009: result: no
configure:11101: creating libtool
configure:11689: checking for ld used by g++
configure:11756: result: /usr/bin/ld -m elf_x86_64
configure:11765: checking if the linker (/usr/bin/ld -m elf_x86_64) is GNU ld
configure:11780: result: yes
configure:11831: checking whether the g++ linker (/usr/bin/ld -m elf_x86_64) supports shared libraries
configure:12769: result: yes
configure:12791: g++ -c -O3 -pipe -DNDEBUG -Wparentheses -Wreturn-type -Wcast-qual -Wall -Wpointer-arith -Wwrite-strings -Wconversion -Wno-unknown-pragmas -Wno-long-long   -DMIBS_BUILD  conftest.cpp >&5
configure:12794: $? = 0
configure:12913: checking for g++ option to produce PIC
configure:13187: result: -fPIC
configure:13195: checking if g++ PIC flag -fPIC works
configure:13213: g++ -c -O3 -pipe -DNDEBUG -Wparentheses -Wreturn-type -Wcast-qual -Wall -Wpointer-arith -Wwrite-strings -Wconversion -Wno-unknown-pragmas -Wno-long-long   -DMIBS_BUILD  -fPIC -DPIC conftest.cpp >&5
configure:13217: $? = 0
configure:13230: result: yes
configure:13258: checking if g++ static flag -static works
configure:13286: result: yes
configure:13296: checking if g++ supports -c -o file.o
configure:13317: g++ -c -O3 -pipe -DNDEBUG -Wparentheses -Wreturn-type -Wcast-qual -Wall -Wpointer-arith -Wwrite-strings -Wconversion -Wno-unknown-pragmas -Wno-long-long   -DMIBS_BUILD  -o out/conftest2.o conftest.cpp >&5
configure:13321: $? = 0
configure:13343: result: yes
configure:13369: checking whether the g++ linker (/usr/bin/ld -m elf_x86_64) supports shared libraries
configure:13394: result: yes
configure:13461: checking dynamic linker characteristics
configure:14049: result: GNU/Linux ld.so
configure:14058: checking how to hardcode library paths into programs
configure:14083: result: immediate
configure:14609: checking if libtool supports shared libraries
configure:14611: result: yes
configure:14614: checking whether to build shared libraries
configure:14634: result: yes
configure:14637: checking whether to build static libraries
configure:14641: result: no
configure:14651: checking for f77 option to produce PIC
configure:14861: result: -fPIC
configure:14869: checking if f77 PIC flag -fPIC works
configure:14887: f77 -c -g -O2 -fPIC conftest.f >&5
configure:14891: $? = 0
configure:14904: result: yes
configure:14932: checking if f77 static flag -static works
configure:14960: result: yes
configure:14970: checking if f77 supports -c -o file.o
configure:14991: f77 -c -g -O2 -o out/conftest2.o conftest.f >&5
configure:14995: $? = 0
configure:15017: result: yes
configure:15043: checking whether the f77 linker (/usr/bin/ld -m elf_x86_64) supports shared libraries
configure:15981: result: yes
configure:16048: checking dynamic linker characteristics
configure:16636: result: GNU/Linux ld.so
configure:16645: checking how to hardcode library paths into programs
configure:16670: result: immediate
configure:20256: Build is "x86_64-unknown-linux-gnu".
configure:20260: checking for dos2unix
configure:20289: result: no
configure:20546: checking if library version is set
configure:20553: result: no
configure:20623: checking for pkg-config
configure:20639: found /usr/bin/pkg-config
configure:20649: result: pkg-config
configure:20664: checking pkg-config is at least version 0.16.0
configure:20667: result: yes
configure:20774: checking for COIN-OR package CoinDepend
configure:20938: result: not given: No package 'alps' found
No package 'bcps' found
No package 'blis' found
No package 'coinutils' found
No package 'osi' found
No package 'cgl' found
No package 'clp' found
No package 'osi-clp' found
configure:21284: error: Required packages not available.

## ---------------- ##
## Cache variables. ##
## ---------------- ##

ac_cv_build=x86_64-unknown-linux-gnu
ac_cv_build_alias=x86_64-unknown-linux-gnu
ac_cv_c_compiler_gnu=yes
ac_cv_cxx_compiler_gnu=yes
ac_cv_env_ADD_CFLAGS_set=
ac_cv_env_ADD_CFLAGS_value=
ac_cv_env_ADD_CXXFLAGS_set=
ac_cv_env_ADD_CXXFLAGS_value=
ac_cv_env_CC_set=
ac_cv_env_CC_value=
ac_cv_env_CDEFS_set=
ac_cv_env_CDEFS_value=
ac_cv_env_CFLAGS_set=
ac_cv_env_CFLAGS_value=
ac_cv_env_CPPFLAGS_set=
ac_cv_env_CPPFLAGS_value=
ac_cv_env_CPP_set=
ac_cv_env_CPP_value=
ac_cv_env_CXXCPP_set=
ac_cv_env_CXXCPP_value=
ac_cv_env_CXXDEFS_set=
ac_cv_env_CXXDEFS_value=
ac_cv_env_CXXFLAGS_set=
ac_cv_env_CXXFLAGS_value=
ac_cv_env_CXX_set=
ac_cv_env_CXX_value=
ac_cv_env_DBG_CFLAGS_set=
ac_cv_env_DBG_CFLAGS_value=
ac_cv_env_DBG_CXXFLAGS_set=
ac_cv_env_DBG_CXXFLAGS_value=
ac_cv_env_F77_set=
ac_cv_env_F77_value=
ac_cv_env_FFLAGS_set=
ac_cv_env_FFLAGS_value=
ac_cv_env_LDFLAGS_set=
ac_cv_env_LDFLAGS_value=
ac_cv_env_MPICC_set=
ac_cv_env_MPICC_value=
ac_cv_env_MPICXX_set=
ac_cv_env_MPICXX_value=
ac_cv_env_OPT_CFLAGS_set=
ac_cv_env_OPT_CFLAGS_value=
ac_cv_env_OPT_CXXFLAGS_set=
ac_cv_env_OPT_CXXFLAGS_value=
ac_cv_env_PKG_CONFIG_set=
ac_cv_env_PKG_CONFIG_value=
ac_cv_env_build_alias_set=
ac_cv_env_build_alias_value=
ac_cv_env_host_alias_set=
ac_cv_env_host_alias_value=
ac_cv_env_target_alias_set=
ac_cv_env_target_alias_value=
ac_cv_exeext=
ac_cv_f77_compiler_gnu=yes
ac_cv_header_dlfcn_h=yes
ac_cv_header_inttypes_h=yes
ac_cv_header_memory_h=yes
ac_cv_header_stdc=yes
ac_cv_header_stdint_h=yes
ac_cv_header_stdlib_h=yes
ac_cv_header_string_h=yes
ac_cv_header_strings_h=yes
ac_cv_header_sys_stat_h=yes
ac_cv_header_sys_types_h=yes
ac_cv_header_unistd_h=yes
ac_cv_host=x86_64-unknown-linux-gnu
ac_cv_host_alias=x86_64-unknown-linux-gnu
ac_cv_objext=o
ac_cv_path_install='/usr/bin/install -c'
ac_cv_prog_AWK=gawk
ac_cv_prog_CPP='gcc -E'
ac_cv_prog_CXXCPP='g++ -E'
ac_cv_prog_ac_ct_AR=ar
ac_cv_prog_ac_ct_CC=gcc
ac_cv_prog_ac_ct_CXX=g++
ac_cv_prog_ac_ct_F77=f77
ac_cv_prog_ac_ct_PKG_CONFIG=pkg-config
ac_cv_prog_ac_ct_RANLIB=ranlib
ac_cv_prog_ac_ct_STRIP=strip
ac_cv_prog_cc_g=yes
ac_cv_prog_cc_stdc=
ac_cv_prog_cxx_g=yes
ac_cv_prog_egrep='grep -E'
ac_cv_prog_f77_g=yes
ac_cv_prog_have_svnversion=no
ac_cv_prog_make_make_set=yes
am_cv_CC_dependencies_compiler_type=gcc3
am_cv_CXX_dependencies_compiler_type=gcc3
lt_cv_deplibs_check_method=pass_all
lt_cv_file_magic_cmd='$MAGIC_CMD'
lt_cv_file_magic_test_file=
lt_cv_ld_reload_flag=-r
lt_cv_objdir=.libs
lt_cv_path_LD=/usr/bin/ld
lt_cv_path_LDCXX='/usr/bin/ld -m elf_x86_64'
lt_cv_path_NM='/usr/bin/nm -B'
lt_cv_path_SED=/bin/sed
lt_cv_prog_compiler_c_o=yes
lt_cv_prog_compiler_c_o_CXX=yes
lt_cv_prog_compiler_c_o_F77=yes
lt_cv_prog_compiler_rtti_exceptions=no
lt_cv_prog_gnu_ld=yes
lt_cv_prog_gnu_ldcxx=yes
lt_cv_sys_global_symbol_pipe='sed -n -e '\''s/^.*[ 	]\([ABCDGIRSTW][ABCDGIRSTW]*\)[ 	][ 	]*\([_A-Za-z][_A-Za-z0-9]*\)$/\1 \2 \2/p'\'''
lt_cv_sys_global_symbol_to_c_name_address='sed -n -e '\''s/^: \([^ ]*\) $/  {\"\1\", (lt_ptr) 0},/p'\'' -e '\''s/^[BCDEGRST] \([^ ]*\) \([^ ]*\)$/  {"\2", (lt_ptr) \&\2},/p'\'''
lt_cv_sys_global_symbol_to_cdecl='sed -n -e '\''s/^. .* \(.*\)$/extern int \1;/p'\'''
lt_cv_sys_max_cmd_len=32768
lt_lt_cv_prog_compiler_c_o='"yes"'
lt_lt_cv_prog_compiler_c_o_CXX='"yes"'
lt_lt_cv_prog_compiler_c_o_F77='"yes"'
lt_lt_cv_sys_global_symbol_pipe='"sed -n -e '\''s/^.*[ 	]\\([ABCDGIRSTW][ABCDGIRSTW]*\\)[ 	][ 	]*\\([_A-Za-z][_A-Za-z0-9]*\\)\$/\\1 \\2 \\2/p'\''"'
lt_lt_cv_sys_global_symbol_to_c_name_address='"sed -n -e '\''s/^: \\([^ ]*\\) \$/  {\\\"\\1\\\", (lt_ptr) 0},/p'\'' -e '\''s/^[BCDEGRST] \\([^ ]*\\) \\([^ ]*\\)\$/  {\"\\2\", (lt_ptr) \\&\\2},/p'\''"'
lt_lt_cv_sys_global_symbol_to_cdecl='"sed -n -e '\''s/^. .* \\(.*\\)\$/extern int \\1;/p'\''"'

## ----------------- ##
## Output variables. ##
## ----------------- ##

ABSBUILDDIR=''
ACLOCAL='${SHELL} /home/kelly/coinbrew/MibS/missing --run aclocal-1.9'
ADD_CFLAGS=''
ADD_CXXFLAGS=''
ALWAYS_FALSE_FALSE=''
ALWAYS_FALSE_TRUE='#'
AMDEPBACKSLASH='\'
AMDEP_FALSE='#'
AMDEP_TRUE=''
AMTAR='${SHELL} /home/kelly/coinbrew/MibS/missing --run tar'
AR='ar'
AUTOCONF='${SHELL} /home/kelly/coinbrew/MibS/missing --run autoconf'
AUTOHEADER='${SHELL} /home/kelly/coinbrew/MibS/missing --run autoheader'
AUTOMAKE='${SHELL} /home/kelly/coinbrew/MibS/missing --run automake-1.9'
AUX_DIR=''
AWK='gawk'
BUILDTOOLSDIR=''
CBC_CFLAGS=''
CBC_CFLAGS_INSTALLED=''
CBC_DATA=''
CBC_DATA_INSTALLED=''
CBC_DEPENDENCIES=''
CBC_LIBS=''
CBC_LIBS_INSTALLED=''
CC='gcc'
CCDEPMODE='depmode=gcc3'
CDEFS=''
CFLAGS='-O3 -pipe -DNDEBUG -Wimplicit -Wparentheses -Wsequence-point -Wreturn-type -Wcast-qual -Wall -Wno-unknown-pragmas -Wno-long-long   -DMIBS_BUILD'
COINDEPEND_CFLAGS=''
COINDEPEND_CFLAGS_INSTALLED=''
COINDEPEND_DATA=''
COINDEPEND_DATA_INSTALLED=''
COINDEPEND_DEPENDENCIES=''
COINDEPEND_LIBS=''
COINDEPEND_LIBS_INSTALLED=''
COIN_CC_IS_CL_FALSE=''
COIN_CC_IS_CL_TRUE='#'
COIN_CXX_IS_CL_FALSE=''
COIN_CXX_IS_CL_TRUE='#'
COIN_HAS_CBC_FALSE=''
COIN_HAS_CBC_TRUE=''
COIN_HAS_COINDEPEND_FALSE=''
COIN_HAS_COINDEPEND_TRUE='#'
COIN_HAS_CPLEX_FALSE=''
COIN_HAS_CPLEX_TRUE=''
COIN_HAS_DOXYGEN_FALSE=''
COIN_HAS_DOXYGEN_TRUE=''
COIN_HAS_LATEX_FALSE=''
COIN_HAS_LATEX_TRUE=''
COIN_HAS_MPI_FALSE=''
COIN_HAS_MPI_TRUE=''
COIN_HAS_PKGCONFIG_FALSE='#'
COIN_HAS_PKGCONFIG_TRUE=''
COIN_HAS_SYMPHONY_FALSE=''
COIN_HAS_SYMPHONY_TRUE=''
COIN_PKG_CONFIG_PATH='/home/kelly/coinbrew/MibS/lib64/pkgconfig:/home/kelly/coinbrew/MibS/lib/pkgconfig:/home/kelly/coinbrew/MibS/share/pkgconfig:'
COIN_PKG_CONFIG_PATH_UNINSTALLED=''
CPLEX_CFLAGS=''
CPLEX_CFLAGS_INSTALLED=''
CPLEX_DATA=''
CPLEX_DATA_INSTALLED=''
CPLEX_DEPENDENCIES=''
CPLEX_LIBS=''
CPLEX_LIBS_INSTALLED=''
CPP='gcc -E'
CPPFLAGS=''
CXX='g++'
CXXCPP='g++ -E'
CXXDEFS=''
CXXDEPMODE='depmode=gcc3'
CXXFLAGS='-O3 -pipe -DNDEBUG -Wparentheses -Wreturn-type -Wcast-qual -Wall -Wpointer-arith -Wwrite-strings -Wconversion -Wno-unknown-pragmas -Wno-long-long   -DMIBS_BUILD'
CYGPATH_W='echo'
DBG_CFLAGS='-g -O0 -pipe -Wimplicit -Wparentheses -Wsequence-point -Wreturn-type -Wcast-qual -Wall -Wno-unknown-pragmas -Wno-long-long  '
DBG_CXXFLAGS='-g -O0 -pipe -Wparentheses -Wreturn-type -Wcast-qual -Wall -Wpointer-arith -Wwrite-strings -Wconversion -Wno-unknown-pragmas -Wno-long-long  '
DEFS=''
DEPDIR='.deps'
DEPENDENCY_LINKING_FALSE='#'
DEPENDENCY_LINKING_TRUE=''
ECHO='echo'
ECHO_C=''
ECHO_N='-n'
ECHO_T=''
EGREP='grep -E'
EXEEXT=''
F77='f77'
FFLAGS='-g -O2'
HAVE_EXTERNALS_FALSE=''
HAVE_EXTERNALS_TRUE='#'
INSTALL_DATA='${INSTALL} -m 644'
INSTALL_PROGRAM='${INSTALL}'
INSTALL_SCRIPT='${INSTALL}'
INSTALL_STRIP_PROGRAM='${SHELL} $(install_sh) -c -s'
LDFLAGS=''
LIBEXT=''
LIBOBJS=''
LIBS=''
LIBTOOL='$(SHELL) $(top_builddir)/libtool'
LIBTOOLM4=''
LN_S='ln -s'
LTLIBOBJS=''
LT_LDFLAGS='-no-undefined'
MAINT='#'
MAINTAINER_MODE_FALSE=''
MAINTAINER_MODE_TRUE='#'
MAKEINFO='${SHELL} /home/kelly/coinbrew/MibS/missing --run makeinfo'
MIBSLIB_CFLAGS=''
MIBSLIB_CFLAGS_INSTALLED=''
MIBSLIB_DEPENDENCIES=''
MIBSLIB_LIBS=''
MIBSLIB_LIBS_INSTALLED=''
MIBSLIB_PCLIBS=''
MIBSLIB_PCREQUIRES=''
MIBS_SVN_REV=''
MPICC=''
MPICXX=''
MPIINCDIR=''
MPILIB=''
OBJEXT='o'
OPT_CFLAGS='-O3 -pipe -DNDEBUG -Wimplicit -Wparentheses -Wsequence-point -Wreturn-type -Wcast-qual -Wall -Wno-unknown-pragmas -Wno-long-long  '
OPT_CXXFLAGS='-O3 -pipe -DNDEBUG -Wparentheses -Wreturn-type -Wcast-qual -Wall -Wpointer-arith -Wwrite-strings -Wconversion -Wno-unknown-pragmas -Wno-long-long  '
PACKAGE='mibs'
PACKAGE_BUGREPORT='https://github.com/coin-or/MibS/issues/new'
PACKAGE_NAME='MibS'
PACKAGE_STRING='MibS trunk'
PACKAGE_TARNAME='mibs'
PACKAGE_VERSION='trunk'
PATH_SEPARATOR=':'
PKG_CONFIG='pkg-config'
RANLIB='ranlib'
RPATH_FLAGS=' -Wl,--rpath -Wl,/home/kelly/coinbrew/MibS/lib'
SET_MAKE=''
SHELL='/bin/bash'
STRIP='strip'
SYMPHONY_CFLAGS=''
SYMPHONY_CFLAGS_INSTALLED=''
SYMPHONY_DATA=''
SYMPHONY_DATA_INSTALLED=''
SYMPHONY_DEPENDENCIES=''
SYMPHONY_LIBS=''
SYMPHONY_LIBS_INSTALLED=''
VERSION='trunk'
VPATH_DISTCLEANFILES=''
abs_bin_dir='/home/kelly/coinbrew/MibS/bin'
abs_include_dir='/home/kelly/coinbrew/MibS/include'
abs_lib_dir='/home/kelly/coinbrew/MibS/lib'
abs_source_dir='/home/kelly/coinbrew/MibS'
ac_c_preproc_warn_flag=''
ac_ct_AR='ar'
ac_ct_CC='gcc'
ac_ct_CXX='g++'
ac_ct_F77='f77'
ac_ct_PKG_CONFIG='pkg-config'
ac_ct_RANLIB='ranlib'
ac_ct_STRIP='strip'
ac_cxx_preproc_warn_flag=''
am__fastdepCC_FALSE='#'
am__fastdepCC_TRUE=''
am__fastdepCXX_FALSE='#'
am__fastdepCXX_TRUE=''
am__include='include'
am__leading_dot='.'
am__quote=''
am__tar='${AMTAR} chof - "$$tardir"'
am__untar='${AMTAR} xf -'
bindir='${exec_prefix}/bin'
build='x86_64-unknown-linux-gnu'
build_alias=''
build_cpu='x86_64'
build_os='linux-gnu'
build_vendor='unknown'
coin_doxy_excludes=''
coin_doxy_logname=''
coin_doxy_tagfiles=''
coin_doxy_tagname=''
coin_doxy_usedot=''
coin_have_doxygen=''
coin_have_latex=''
datadir='${prefix}/share'
dos2unix=''
exec_prefix='NONE'
have_autoconf=''
have_automake=''
have_svn=''
have_svnversion='no'
host='x86_64-unknown-linux-gnu'
host_alias=''
host_cpu='x86_64'
host_os='linux-gnu'
host_vendor='unknown'
includedir='${prefix}/include'
infodir='${prefix}/info'
install_sh='/home/kelly/coinbrew/MibS/install-sh'
libdir='${exec_prefix}/lib'
libexecdir='${exec_prefix}/libexec'
localstatedir='${prefix}/var'
mandir='${prefix}/man'
mkdir_p='mkdir -p --'
oldincludedir='/usr/include'
prefix='NONE'
program_transform_name='s,x,x,'
sbindir='${exec_prefix}/sbin'
sharedstatedir='${prefix}/com'
sol_cc_compiler=''
sysconfdir='${prefix}/etc'
target_alias=''

## ----------- ##
## confdefs.h. ##
## ----------- ##

#define COIN_MIBS_CHECKLEVEL 0
#define COIN_MIBS_VERBOSITY 0
#define HAVE_DLFCN_H 1
#define HAVE_INTTYPES_H 1
#define HAVE_MEMORY_H 1
#define HAVE_STDINT_H 1
#define HAVE_STDLIB_H 1
#define HAVE_STRINGS_H 1
#define HAVE_STRING_H 1
#define HAVE_SYS_STAT_H 1
#define HAVE_SYS_TYPES_H 1
#define HAVE_UNISTD_H 1
#define MIBS_GIT_VERSION 84c83f1
#define MIBS_VERSION "trunk"
#define MIBS_VERSION_MAJOR 9999
#define MIBS_VERSION_MINOR 9999
#define MIBS_VERSION_RELEASE 9999
#define PACKAGE "mibs"
#define PACKAGE_BUGREPORT "https://github.com/coin-or/MibS/issues/new"
#define PACKAGE_NAME "MibS"
#define PACKAGE_STRING "MibS trunk"
#define PACKAGE_TARNAME "mibs"
#define PACKAGE_VERSION "trunk"
#define STDC_HEADERS 1
#define VERSION "trunk"
#endif
#ifdef __cplusplus
extern "C" void std::exit (int) throw (); using std::exit;

configure: exit 1
